{"/home/travis/build/npmtest/node-npmtest-reveal-md/test.js":{"path":"/home/travis/build/npmtest/node-npmtest-reveal-md/test.js","s":{"1":2,"2":2,"3":2,"4":2,"5":2,"6":2,"7":2,"8":1,"9":2,"10":2,"11":1,"12":1,"13":1,"14":1,"15":2,"16":2,"17":2,"18":2,"19":1,"20":1,"21":2,"22":2,"23":2,"24":1,"25":1,"26":1,"27":1,"28":1,"29":1,"30":1,"31":1,"32":1,"33":1,"34":1,"35":1,"36":1,"37":1,"38":1,"39":2,"40":2,"41":1,"42":2,"43":2,"44":1,"45":2,"46":2,"47":1,"48":2,"49":2,"50":1,"51":1,"52":1,"53":1,"54":1},"b":{"1":[2,1,1,1],"2":[1,1,1,1],"3":[1,1],"4":[1,1],"5":[1,1],"6":[1,1],"7":[1,1],"8":[1,1],"9":[1,1],"10":[1,1,1],"11":[1,1],"12":[1,1],"13":[1,1],"14":[1,1],"15":[1,1],"16":[1,1],"17":[1,1]},"f":{"1":2,"2":2,"3":2,"4":2,"5":2,"6":1,"7":1,"8":1,"9":2,"10":2,"11":2,"12":2,"13":1},"fnMap":{"1":{"name":"(anonymous_1)","line":12,"loc":{"start":{"line":12,"column":1},"end":{"line":12,"column":13}}},"2":{"name":"(anonymous_2)","line":19,"loc":{"start":{"line":19,"column":5},"end":{"line":19,"column":17}}},"3":{"name":"(anonymous_3)","line":23,"loc":{"start":{"line":23,"column":24},"end":{"line":23,"column":36}}},"4":{"name":"(anonymous_4)","line":61,"loc":{"start":{"line":61,"column":5},"end":{"line":61,"column":17}}},"5":{"name":"(anonymous_5)","line":82,"loc":{"start":{"line":82,"column":5},"end":{"line":82,"column":17}}},"6":{"name":"(anonymous_6)","line":91,"loc":{"start":{"line":91,"column":77},"end":{"line":94,"column":10}}},"7":{"name":"(anonymous_7)","line":112,"loc":{"start":{"line":112,"column":83},"end":{"line":115,"column":10}},"skip":true},"8":{"name":"(anonymous_8)","line":123,"loc":{"start":{"line":123,"column":77},"end":{"line":126,"column":10}},"skip":true},"9":{"name":"(anonymous_9)","line":139,"loc":{"start":{"line":139,"column":12},"end":{"line":139,"column":40}},"skip":true},"10":{"name":"(anonymous_10)","line":147,"loc":{"start":{"line":147,"column":77},"end":{"line":150,"column":10}},"skip":true},"11":{"name":"(anonymous_11)","line":158,"loc":{"start":{"line":158,"column":83},"end":{"line":161,"column":10}},"skip":true},"12":{"name":"(anonymous_12)","line":169,"loc":{"start":{"line":169,"column":79},"end":{"line":172,"column":10}},"skip":true},"13":{"name":"(anonymous_13)","line":180,"loc":{"start":{"line":180,"column":75},"end":{"line":183,"column":10}},"skip":true}},"statementMap":{"1":{"start":{"line":12,"column":0},"end":{"line":195,"column":5}},"2":{"start":{"line":14,"column":4},"end":{"line":14,"column":14}},"3":{"start":{"line":19,"column":4},"end":{"line":56,"column":9}},"4":{"start":{"line":21,"column":8},"end":{"line":21,"column":19}},"5":{"start":{"line":23,"column":8},"end":{"line":35,"column":13}},"6":{"start":{"line":24,"column":12},"end":{"line":34,"column":13}},"7":{"start":{"line":25,"column":16},"end":{"line":28,"column":30}},"8":{"start":{"line":30,"column":16},"end":{"line":33,"column":27}},"9":{"start":{"line":37,"column":8},"end":{"line":39,"column":21}},"10":{"start":{"line":40,"column":8},"end":{"line":53,"column":9}},"11":{"start":{"line":43,"column":12},"end":{"line":46,"column":14}},"12":{"start":{"line":47,"column":12},"end":{"line":47,"column":18}},"13":{"start":{"line":50,"column":12},"end":{"line":51,"column":33}},"14":{"start":{"line":52,"column":12},"end":{"line":52,"column":18}},"15":{"start":{"line":55,"column":8},"end":{"line":55,"column":35}},"16":{"start":{"line":61,"column":4},"end":{"line":63,"column":9}},"17":{"start":{"line":62,"column":8},"end":{"line":62,"column":15}},"18":{"start":{"line":64,"column":4},"end":{"line":77,"column":5}},"19":{"start":{"line":70,"column":8},"end":{"line":70,"column":14}},"20":{"start":{"line":76,"column":8},"end":{"line":76,"column":14}},"21":{"start":{"line":82,"column":4},"end":{"line":84,"column":9}},"22":{"start":{"line":83,"column":8},"end":{"line":83,"column":15}},"23":{"start":{"line":85,"column":4},"end":{"line":194,"column":5}},"24":{"start":{"line":91,"column":8},"end":{"line":99,"column":10}},"25":{"start":{"line":98,"column":12},"end":{"line":98,"column":35}},"26":{"start":{"line":102,"column":8},"end":{"line":104,"column":63}},"27":{"start":{"line":105,"column":8},"end":{"line":105,"column":14}},"28":{"start":{"line":112,"column":8},"end":{"line":121,"column":10},"skip":true},"29":{"start":{"line":119,"column":12},"end":{"line":119,"column":55},"skip":true},"30":{"start":{"line":120,"column":12},"end":{"line":120,"column":48},"skip":true},"31":{"start":{"line":123,"column":8},"end":{"line":136,"column":10},"skip":true},"32":{"start":{"line":130,"column":12},"end":{"line":130,"column":76},"skip":true},"33":{"start":{"line":131,"column":12},"end":{"line":131,"column":73},"skip":true},"34":{"start":{"line":132,"column":12},"end":{"line":132,"column":74},"skip":true},"35":{"start":{"line":133,"column":12},"end":{"line":133,"column":79},"skip":true},"36":{"start":{"line":134,"column":12},"end":{"line":134,"column":25},"skip":true},"37":{"start":{"line":135,"column":12},"end":{"line":135,"column":45},"skip":true},"38":{"start":{"line":138,"column":8},"end":{"line":145,"column":14},"skip":true},"39":{"start":{"line":143,"column":16},"end":{"line":143,"column":29},"skip":true},"40":{"start":{"line":144,"column":16},"end":{"line":144,"column":55},"skip":true},"41":{"start":{"line":147,"column":8},"end":{"line":156,"column":10},"skip":true},"42":{"start":{"line":154,"column":12},"end":{"line":154,"column":25},"skip":true},"43":{"start":{"line":155,"column":12},"end":{"line":155,"column":45},"skip":true},"44":{"start":{"line":158,"column":8},"end":{"line":167,"column":10},"skip":true},"45":{"start":{"line":165,"column":12},"end":{"line":165,"column":25},"skip":true},"46":{"start":{"line":166,"column":12},"end":{"line":166,"column":48},"skip":true},"47":{"start":{"line":169,"column":8},"end":{"line":178,"column":10},"skip":true},"48":{"start":{"line":176,"column":12},"end":{"line":176,"column":25},"skip":true},"49":{"start":{"line":177,"column":12},"end":{"line":177,"column":46},"skip":true},"50":{"start":{"line":180,"column":8},"end":{"line":189,"column":10},"skip":true},"51":{"start":{"line":187,"column":12},"end":{"line":187,"column":94},"skip":true},"52":{"start":{"line":188,"column":12},"end":{"line":188,"column":48},"skip":true},"53":{"start":{"line":192,"column":8},"end":{"line":192,"column":35},"skip":true},"54":{"start":{"line":193,"column":8},"end":{"line":193,"column":14},"skip":true}},"branchMap":{"1":{"line":25,"type":"binary-expr","locations":[{"start":{"line":25,"column":23},"end":{"line":25,"column":62}},{"start":{"line":26,"column":20},"end":{"line":26,"column":70}},{"start":{"line":27,"column":20},"end":{"line":27,"column":71}},{"start":{"line":28,"column":20},"end":{"line":28,"column":29}}]},"2":{"line":30,"type":"binary-expr","locations":[{"start":{"line":30,"column":23},"end":{"line":30,"column":37}},{"start":{"line":31,"column":20},"end":{"line":31,"column":61}},{"start":{"line":32,"column":20},"end":{"line":32,"column":70}},{"start":{"line":33,"column":20},"end":{"line":33,"column":26}}]},"3":{"line":37,"type":"cond-expr","locations":[{"start":{"line":38,"column":14},"end":{"line":38,"column":20}},{"start":{"line":39,"column":14},"end":{"line":39,"column":20}}]},"4":{"line":40,"type":"switch","locations":[{"start":{"line":42,"column":8},"end":{"line":47,"column":18}},{"start":{"line":49,"column":8},"end":{"line":52,"column":18}}]},"5":{"line":44,"type":"binary-expr","locations":[{"start":{"line":44,"column":16},"end":{"line":44,"column":44}},{"start":{"line":44,"column":48},"end":{"line":44,"column":66}}]},"6":{"line":50,"type":"binary-expr","locations":[{"start":{"line":50,"column":21},"end":{"line":50,"column":49}},{"start":{"line":50,"column":53},"end":{"line":50,"column":72}}]},"7":{"line":64,"type":"switch","locations":[{"start":{"line":69,"column":4},"end":{"line":70,"column":14}},{"start":{"line":75,"column":4},"end":{"line":76,"column":14}}]},"8":{"line":85,"type":"switch","locations":[{"start":{"line":90,"column":4},"end":{"line":105,"column":14}},{"start":{"line":111,"column":4},"end":{"line":193,"column":14},"skip":true}]},"9":{"line":91,"type":"binary-expr","locations":[{"start":{"line":91,"column":42},"end":{"line":91,"column":73}},{"start":{"line":91,"column":77},"end":{"line":99,"column":9}}]},"10":{"line":102,"type":"binary-expr","locations":[{"start":{"line":102,"column":18},"end":{"line":102,"column":32}},{"start":{"line":103,"column":12},"end":{"line":103,"column":53}},{"start":{"line":104,"column":12},"end":{"line":104,"column":61}}]},"11":{"line":112,"type":"binary-expr","locations":[{"start":{"line":112,"column":45},"end":{"line":112,"column":79},"skip":true},{"start":{"line":112,"column":83},"end":{"line":121,"column":9},"skip":true}]},"12":{"line":123,"type":"binary-expr","locations":[{"start":{"line":123,"column":42},"end":{"line":123,"column":73},"skip":true},{"start":{"line":123,"column":77},"end":{"line":136,"column":9},"skip":true}]},"13":{"line":138,"type":"binary-expr","locations":[{"start":{"line":138,"column":48},"end":{"line":138,"column":85},"skip":true},{"start":{"line":139,"column":12},"end":{"line":145,"column":13},"skip":true}]},"14":{"line":147,"type":"binary-expr","locations":[{"start":{"line":147,"column":42},"end":{"line":147,"column":73},"skip":true},{"start":{"line":147,"column":77},"end":{"line":156,"column":9},"skip":true}]},"15":{"line":158,"type":"binary-expr","locations":[{"start":{"line":158,"column":45},"end":{"line":158,"column":79},"skip":true},{"start":{"line":158,"column":83},"end":{"line":167,"column":9},"skip":true}]},"16":{"line":169,"type":"binary-expr","locations":[{"start":{"line":169,"column":43},"end":{"line":169,"column":75},"skip":true},{"start":{"line":169,"column":79},"end":{"line":178,"column":9},"skip":true}]},"17":{"line":180,"type":"binary-expr","locations":[{"start":{"line":180,"column":41},"end":{"line":180,"column":71},"skip":true},{"start":{"line":180,"column":75},"end":{"line":189,"column":9},"skip":true}]}},"code":["/* istanbul instrument in package npmtest_reveal_md */","/*jslint","    bitwise: true,","    browser: true,","    maxerr: 8,","    maxlen: 96,","    node: true,","    nomen: true,","    regexp: true,","    stupid: true","*/","(function () {","    'use strict';","    var local;","","","","    // run shared js-env code - pre-init","    (function () {","        // init local","        local = {};","        // init modeJs","        local.modeJs = (function () {","            try {","                return typeof navigator.userAgent === 'string' &&","                    typeof document.querySelector('body') === 'object' &&","                    typeof XMLHttpRequest.prototype.open === 'function' &&","                    'browser';","            } catch (errorCaughtBrowser) {","                return module.exports &&","                    typeof process.versions.node === 'string' &&","                    typeof require('http').createServer === 'function' &&","                    'node';","            }","        }());","        // init global","        local.global = local.modeJs === 'browser'","            ? window","            : global;","        switch (local.modeJs) {","        // re-init local from window.local","        case 'browser':","            local = local.global.utility2.objectSetDefault(","                local.global.utility2_rollup || local.global.local,","                local.global.utility2","            );","            break;","        // re-init local from example.js","        case 'node':","            local = (local.global.utility2_rollup || require('utility2'))","                .requireReadme();","            break;","        }","        // export local","        local.global.local = local;","    }());","","","","    // run shared js-env code - function","    (function () {","        return;","    }());","    switch (local.modeJs) {","","","","    // run browser js-env code - function","    case 'browser':","        break;","","","","    // run node js-env code - function","    case 'node':","        break;","    }","","","","    // run shared js-env code - post-init","    (function () {","        return;","    }());","    switch (local.modeJs) {","","","","    // run browser js-env code - post-init","    case 'browser':","        local.testCase_browser_nullCase = local.testCase_browser_nullCase || function (","            options,","            onError","        ) {","        /*","         * this function will test browsers's null-case handling-behavior-behavior","         */","            onError(null, options);","        };","","        // run tests","        local.nop(local.modeTest &&","            document.querySelector('#testRunButton1') &&","            document.querySelector('#testRunButton1').click());","        break;","","","","    // run node js-env code - post-init","    /* istanbul ignore next */","    case 'node':","        local.testCase_buildApidoc_default = local.testCase_buildApidoc_default || function (","            options,","            onError","        ) {","        /*","         * this function will test buildApidoc's default handling-behavior-behavior","         */","            options = { modulePathList: module.paths };","            local.buildApidoc(options, onError);","        };","","        local.testCase_buildApp_default = local.testCase_buildApp_default || function (","            options,","            onError","        ) {","        /*","         * this function will test buildApp's default handling-behavior-behavior","         */","            local.testCase_buildReadme_default(options, local.onErrorThrow);","            local.testCase_buildLib_default(options, local.onErrorThrow);","            local.testCase_buildTest_default(options, local.onErrorThrow);","            local.testCase_buildCustomOrg_default(options, local.onErrorThrow);","            options = [];","            local.buildApp(options, onError);","        };","","        local.testCase_buildCustomOrg_default = local.testCase_buildCustomOrg_default ||","            function (options, onError) {","            /*","             * this function will test buildCustomOrg's default handling-behavior","             */","                options = {};","                local.buildCustomOrg(options, onError);","            };","","        local.testCase_buildLib_default = local.testCase_buildLib_default || function (","            options,","            onError","        ) {","        /*","         * this function will test buildLib's default handling-behavior","         */","            options = {};","            local.buildLib(options, onError);","        };","","        local.testCase_buildReadme_default = local.testCase_buildReadme_default || function (","            options,","            onError","        ) {","        /*","         * this function will test buildReadme's default handling-behavior-behavior","         */","            options = {};","            local.buildReadme(options, onError);","        };","","        local.testCase_buildTest_default = local.testCase_buildTest_default || function (","            options,","            onError","        ) {","        /*","         * this function will test buildTest's default handling-behavior","         */","            options = {};","            local.buildTest(options, onError);","        };","","        local.testCase_webpage_default = local.testCase_webpage_default || function (","            options,","            onError","        ) {","        /*","         * this function will test webpage's default handling-behavior","         */","            options = { modeCoverageMerge: true, url: local.serverLocalHost + '?modeTest=1' };","            local.browserTest(options, onError);","        };","","        // run test-server","        local.testRunServer(local);","        break;","    }","}());",""],"l":{"12":2,"14":2,"19":2,"21":2,"23":2,"24":2,"25":2,"30":1,"37":2,"40":2,"43":1,"47":1,"50":1,"52":1,"55":2,"61":2,"62":2,"64":2,"70":1,"76":1,"82":2,"83":2,"85":2,"91":1,"98":1,"102":1,"105":1,"112":1,"119":1,"120":1,"123":1,"130":1,"131":1,"132":1,"133":1,"134":1,"135":1,"138":1,"143":2,"144":2,"147":1,"154":2,"155":2,"158":1,"165":2,"166":2,"169":1,"176":2,"177":2,"180":1,"187":1,"188":1,"192":1,"193":1}},"/home/travis/build/npmtest/node-npmtest-reveal-md/lib.npmtest_reveal_md.js":{"path":"/home/travis/build/npmtest/node-npmtest-reveal-md/lib.npmtest_reveal_md.js","s":{"1":2,"2":2,"3":2,"4":2,"5":2,"6":2,"7":2,"8":1,"9":2,"10":2,"11":2,"12":2,"13":1,"14":1,"15":1,"16":1},"b":{"1":[2,1,1,1],"2":[1,1,1,1],"3":[1,1],"4":[2,2],"5":[1,1]},"f":{"1":2,"2":2,"3":2},"fnMap":{"1":{"name":"(anonymous_1)","line":12,"loc":{"start":{"line":12,"column":1},"end":{"line":12,"column":13}}},"2":{"name":"(anonymous_2)","line":19,"loc":{"start":{"line":19,"column":5},"end":{"line":19,"column":17}}},"3":{"name":"(anonymous_3)","line":23,"loc":{"start":{"line":23,"column":24},"end":{"line":23,"column":36}}}},"statementMap":{"1":{"start":{"line":12,"column":0},"end":{"line":53,"column":5}},"2":{"start":{"line":14,"column":4},"end":{"line":14,"column":14}},"3":{"start":{"line":19,"column":4},"end":{"line":52,"column":9}},"4":{"start":{"line":21,"column":8},"end":{"line":21,"column":19}},"5":{"start":{"line":23,"column":8},"end":{"line":35,"column":13}},"6":{"start":{"line":24,"column":12},"end":{"line":34,"column":13}},"7":{"start":{"line":25,"column":16},"end":{"line":28,"column":30}},"8":{"start":{"line":30,"column":16},"end":{"line":33,"column":27}},"9":{"start":{"line":37,"column":8},"end":{"line":39,"column":21}},"10":{"start":{"line":41,"column":8},"end":{"line":41,"column":54}},"11":{"start":{"line":43,"column":8},"end":{"line":43,"column":54}},"12":{"start":{"line":45,"column":8},"end":{"line":51,"column":9}},"13":{"start":{"line":46,"column":12},"end":{"line":46,"column":60}},"14":{"start":{"line":48,"column":12},"end":{"line":48,"column":35}},"15":{"start":{"line":49,"column":12},"end":{"line":49,"column":49}},"16":{"start":{"line":50,"column":12},"end":{"line":50,"column":43}}},"branchMap":{"1":{"line":25,"type":"binary-expr","locations":[{"start":{"line":25,"column":23},"end":{"line":25,"column":62}},{"start":{"line":26,"column":20},"end":{"line":26,"column":70}},{"start":{"line":27,"column":20},"end":{"line":27,"column":71}},{"start":{"line":28,"column":20},"end":{"line":28,"column":29}}]},"2":{"line":30,"type":"binary-expr","locations":[{"start":{"line":30,"column":23},"end":{"line":30,"column":37}},{"start":{"line":31,"column":20},"end":{"line":31,"column":61}},{"start":{"line":32,"column":20},"end":{"line":32,"column":70}},{"start":{"line":33,"column":20},"end":{"line":33,"column":26}}]},"3":{"line":37,"type":"cond-expr","locations":[{"start":{"line":38,"column":14},"end":{"line":38,"column":20}},{"start":{"line":39,"column":14},"end":{"line":39,"column":20}}]},"4":{"line":41,"type":"binary-expr","locations":[{"start":{"line":41,"column":16},"end":{"line":41,"column":44}},{"start":{"line":41,"column":48},"end":{"line":41,"column":53}}]},"5":{"line":45,"type":"if","locations":[{"start":{"line":45,"column":8},"end":{"line":45,"column":8}},{"start":{"line":45,"column":8},"end":{"line":45,"column":8}}]}},"code":["/* istanbul instrument in package npmtest_reveal_md */","/*jslint","    bitwise: true,","    browser: true,","    maxerr: 8,","    maxlen: 96,","    node: true,","    nomen: true,","    regexp: true,","    stupid: true","*/","(function () {","    'use strict';","    var local;","","","","    // run shared js-env code - pre-init","    (function () {","        // init local","        local = {};","        // init modeJs","        local.modeJs = (function () {","            try {","                return typeof navigator.userAgent === 'string' &&","                    typeof document.querySelector('body') === 'object' &&","                    typeof XMLHttpRequest.prototype.open === 'function' &&","                    'browser';","            } catch (errorCaughtBrowser) {","                return module.exports &&","                    typeof process.versions.node === 'string' &&","                    typeof require('http').createServer === 'function' &&","                    'node';","            }","        }());","        // init global","        local.global = local.modeJs === 'browser'","            ? window","            : global;","        // init utility2_rollup","        local = local.global.utility2_rollup || local;","        // init lib","        local.local = local.npmtest_reveal_md = local;","        // init exports","        if (local.modeJs === 'browser') {","            local.global.utility2_npmtest_reveal_md = local;","        } else {","            module.exports = local;","            module.exports.__dirname = __dirname;","            module.exports.module = module;","        }","    }());","}());",""],"l":{"12":2,"14":2,"19":2,"21":2,"23":2,"24":2,"25":2,"30":1,"37":2,"41":2,"43":2,"45":2,"46":1,"48":1,"49":1,"50":1}},"/home/travis/build/npmtest/node-npmtest-reveal-md/example.js":{"path":"/home/travis/build/npmtest/node-npmtest-reveal-md/example.js","s":{"1":2,"2":2,"3":2,"4":2,"5":2,"6":2,"7":2,"8":1,"9":2,"10":2,"11":2,"12":2,"13":1,"14":2,"15":2,"16":2,"17":2,"18":2,"19":0,"20":2,"21":1,"22":1,"23":1,"24":1,"25":1,"26":0,"27":0,"28":1,"29":1,"30":2,"31":0,"32":0,"33":0,"34":1,"35":2,"36":2,"37":3,"38":3,"39":3,"40":3,"41":0,"42":3,"43":3,"44":3,"45":1,"46":3,"47":1,"48":1,"49":1,"50":1,"51":1,"52":1,"53":1,"54":1,"55":1,"56":1,"57":0,"58":1,"59":6,"60":6,"61":1,"62":2,"63":0,"64":2,"65":1,"66":1,"67":0,"68":0,"69":0,"70":0,"71":0,"72":0,"73":0,"74":0,"75":0,"76":0,"77":0,"78":0,"79":0,"80":0,"81":0,"82":0,"83":0},"b":{"1":[2,1,1,1],"2":[1,1,1,1],"3":[1,1],"4":[2,2],"5":[1,1],"6":[1,1],"7":[2,0],"8":[2,1,1,1,1,1],"9":[0,2,0],"10":[1,1],"11":[2,1,1],"12":[1,0],"13":[0,2],"14":[2,0,0,0,0,0,0],"15":[0,3],"16":[3,0],"17":[1,1],"18":[0,1],"19":[1,2,0,2],"20":[1,0],"21":[1,1],"22":[0,0],"23":[0,0],"24":[0,0],"25":[0,0],"26":[0,0],"27":[0,0],"28":[0,0]},"f":{"1":2,"2":2,"3":2,"4":2,"5":2,"6":2,"7":3,"8":3,"9":3,"10":1,"11":6,"12":0},"fnMap":{"1":{"name":"(anonymous_1)","line":26,"loc":{"start":{"line":26,"column":1},"end":{"line":26,"column":13}}},"2":{"name":"(anonymous_2)","line":33,"loc":{"start":{"line":33,"column":5},"end":{"line":33,"column":17}}},"3":{"name":"(anonymous_3)","line":37,"loc":{"start":{"line":37,"column":24},"end":{"line":37,"column":36}}},"4":{"name":"(anonymous_4)","line":69,"loc":{"start":{"line":69,"column":31},"end":{"line":69,"column":48}},"skip":true},"5":{"name":"(anonymous_5)","line":78,"loc":{"start":{"line":78,"column":26},"end":{"line":78,"column":45}},"skip":true},"6":{"name":"(anonymous_6)","line":123,"loc":{"start":{"line":123,"column":33},"end":{"line":123,"column":48}},"skip":true},"7":{"name":"(anonymous_7)","line":125,"loc":{"start":{"line":125,"column":27},"end":{"line":125,"column":39}},"skip":true},"8":{"name":"(anonymous_8)","line":133,"loc":{"start":{"line":133,"column":59},"end":{"line":133,"column":74}},"skip":true},"9":{"name":"(anonymous_9)","line":143,"loc":{"start":{"line":143,"column":45},"end":{"line":143,"column":62}},"skip":true},"10":{"name":"(anonymous_10)","line":144,"loc":{"start":{"line":144,"column":73},"end":{"line":144,"column":92}},"skip":true},"11":{"name":"(anonymous_11)","line":272,"loc":{"start":{"line":272,"column":51},"end":{"line":272,"column":77}},"skip":true},"12":{"name":"(anonymous_12)","line":315,"loc":{"start":{"line":315,"column":32},"end":{"line":315,"column":61}},"skip":true}},"statementMap":{"1":{"start":{"line":26,"column":0},"end":{"line":326,"column":5}},"2":{"start":{"line":28,"column":4},"end":{"line":28,"column":14}},"3":{"start":{"line":33,"column":4},"end":{"line":60,"column":9}},"4":{"start":{"line":35,"column":8},"end":{"line":35,"column":19}},"5":{"start":{"line":37,"column":8},"end":{"line":49,"column":13}},"6":{"start":{"line":38,"column":12},"end":{"line":48,"column":13}},"7":{"start":{"line":39,"column":16},"end":{"line":42,"column":30}},"8":{"start":{"line":44,"column":16},"end":{"line":47,"column":27}},"9":{"start":{"line":51,"column":8},"end":{"line":53,"column":21}},"10":{"start":{"line":55,"column":8},"end":{"line":57,"column":45}},"11":{"start":{"line":59,"column":8},"end":{"line":59,"column":35}},"12":{"start":{"line":61,"column":4},"end":{"line":325,"column":5}},"13":{"start":{"line":69,"column":8},"end":{"line":121,"column":10},"skip":true},"14":{"start":{"line":70,"column":12},"end":{"line":88,"column":13},"skip":true},"15":{"start":{"line":76,"column":16},"end":{"line":87,"column":19},"skip":true},"16":{"start":{"line":79,"column":20},"end":{"line":86,"column":21},"skip":true},"17":{"start":{"line":82,"column":24},"end":{"line":82,"column":43},"skip":true},"18":{"start":{"line":83,"column":24},"end":{"line":83,"column":30},"skip":true},"19":{"start":{"line":85,"column":24},"end":{"line":85,"column":49},"skip":true},"20":{"start":{"line":89,"column":12},"end":{"line":107,"column":13},"skip":true},"21":{"start":{"line":92,"column":16},"end":{"line":102,"column":17},"skip":true},"22":{"start":{"line":93,"column":20},"end":{"line":93,"column":86},"skip":true},"23":{"start":{"line":94,"column":20},"end":{"line":95,"column":45},"skip":true},"24":{"start":{"line":96,"column":20},"end":{"line":96,"column":42},"skip":true},"25":{"start":{"line":97,"column":20},"end":{"line":97,"column":48},"skip":true},"26":{"start":{"line":100,"column":20},"end":{"line":100,"column":85},"skip":true},"27":{"start":{"line":101,"column":20},"end":{"line":101,"column":96},"skip":true},"28":{"start":{"line":103,"column":16},"end":{"line":103,"column":22},"skip":true},"29":{"start":{"line":106,"column":16},"end":{"line":106,"column":22},"skip":true},"30":{"start":{"line":108,"column":12},"end":{"line":120,"column":13},"skip":true},"31":{"start":{"line":114,"column":16},"end":{"line":119,"column":17},"skip":true},"32":{"start":{"line":116,"column":20},"end":{"line":116,"column":78},"skip":true},"33":{"start":{"line":118,"column":20},"end":{"line":118,"column":47},"skip":true},"34":{"start":{"line":123,"column":8},"end":{"line":141,"column":11},"skip":true},"35":{"start":{"line":124,"column":12},"end":{"line":124,"column":54},"skip":true},"36":{"start":{"line":125,"column":12},"end":{"line":140,"column":14},"skip":true},"37":{"start":{"line":126,"column":16},"end":{"line":126,"column":28},"skip":true},"38":{"start":{"line":127,"column":16},"end":{"line":127,"column":69},"skip":true},"39":{"start":{"line":128,"column":16},"end":{"line":128,"column":75},"skip":true},"40":{"start":{"line":129,"column":16},"end":{"line":131,"column":17},"skip":true},"41":{"start":{"line":130,"column":20},"end":{"line":130,"column":27},"skip":true},"42":{"start":{"line":133,"column":16},"end":{"line":137,"column":36},"skip":true},"43":{"start":{"line":134,"column":20},"end":{"line":136,"column":55},"skip":true},"44":{"start":{"line":139,"column":16},"end":{"line":139,"column":57},"skip":true},"45":{"start":{"line":143,"column":8},"end":{"line":147,"column":11},"skip":true},"46":{"start":{"line":144,"column":12},"end":{"line":146,"column":15},"skip":true},"47":{"start":{"line":145,"column":16},"end":{"line":145,"column":70},"skip":true},"48":{"start":{"line":149,"column":8},"end":{"line":149,"column":31},"skip":true},"49":{"start":{"line":150,"column":8},"end":{"line":150,"column":14},"skip":true},"50":{"start":{"line":158,"column":8},"end":{"line":158,"column":31},"skip":true},"51":{"start":{"line":160,"column":8},"end":{"line":160,"column":33},"skip":true},"52":{"start":{"line":161,"column":8},"end":{"line":161,"column":37},"skip":true},"53":{"start":{"line":162,"column":8},"end":{"line":162,"column":35},"skip":true},"54":{"start":{"line":164,"column":8},"end":{"line":164,"column":50},"skip":true},"55":{"start":{"line":166,"column":8},"end":{"line":256,"column":2},"skip":true},"56":{"start":{"line":258,"column":8},"end":{"line":286,"column":9},"skip":true},"57":{"start":{"line":259,"column":12},"end":{"line":269,"column":14},"skip":true},"58":{"start":{"line":271,"column":12},"end":{"line":285,"column":19},"skip":true},"59":{"start":{"line":274,"column":20},"end":{"line":274,"column":35},"skip":true},"60":{"start":{"line":275,"column":20},"end":{"line":284,"column":21},"skip":true},"61":{"start":{"line":277,"column":24},"end":{"line":277,"column":64},"skip":true},"62":{"start":{"line":279,"column":24},"end":{"line":279,"column":40},"skip":true},"63":{"start":{"line":281,"column":24},"end":{"line":281,"column":40},"skip":true},"64":{"start":{"line":283,"column":24},"end":{"line":283,"column":39},"skip":true},"65":{"start":{"line":288,"column":8},"end":{"line":290,"column":9},"skip":true},"66":{"start":{"line":289,"column":12},"end":{"line":289,"column":18},"skip":true},"67":{"start":{"line":291,"column":8},"end":{"line":293,"column":54},"skip":true},"68":{"start":{"line":296,"column":8},"end":{"line":301,"column":37},"skip":true},"69":{"start":{"line":303,"column":8},"end":{"line":303,"column":82},"skip":true},"70":{"start":{"line":306,"column":8},"end":{"line":308,"column":9},"skip":true},"71":{"start":{"line":307,"column":12},"end":{"line":307,"column":82},"skip":true},"72":{"start":{"line":310,"column":8},"end":{"line":312,"column":9},"skip":true},"73":{"start":{"line":311,"column":12},"end":{"line":311,"column":18},"skip":true},"74":{"start":{"line":313,"column":8},"end":{"line":313,"column":54},"skip":true},"75":{"start":{"line":314,"column":8},"end":{"line":314,"column":69},"skip":true},"76":{"start":{"line":315,"column":8},"end":{"line":323,"column":36},"skip":true},"77":{"start":{"line":316,"column":12},"end":{"line":316,"column":61},"skip":true},"78":{"start":{"line":317,"column":12},"end":{"line":320,"column":13},"skip":true},"79":{"start":{"line":318,"column":16},"end":{"line":318,"column":75},"skip":true},"80":{"start":{"line":319,"column":16},"end":{"line":319,"column":23},"skip":true},"81":{"start":{"line":321,"column":12},"end":{"line":321,"column":38},"skip":true},"82":{"start":{"line":322,"column":12},"end":{"line":322,"column":27},"skip":true},"83":{"start":{"line":324,"column":8},"end":{"line":324,"column":14},"skip":true}},"branchMap":{"1":{"line":39,"type":"binary-expr","locations":[{"start":{"line":39,"column":23},"end":{"line":39,"column":62}},{"start":{"line":40,"column":20},"end":{"line":40,"column":70}},{"start":{"line":41,"column":20},"end":{"line":41,"column":71}},{"start":{"line":42,"column":20},"end":{"line":42,"column":29}}]},"2":{"line":44,"type":"binary-expr","locations":[{"start":{"line":44,"column":23},"end":{"line":44,"column":37}},{"start":{"line":45,"column":20},"end":{"line":45,"column":61}},{"start":{"line":46,"column":20},"end":{"line":46,"column":70}},{"start":{"line":47,"column":20},"end":{"line":47,"column":26}}]},"3":{"line":51,"type":"cond-expr","locations":[{"start":{"line":52,"column":14},"end":{"line":52,"column":20}},{"start":{"line":53,"column":14},"end":{"line":53,"column":20}}]},"4":{"line":55,"type":"binary-expr","locations":[{"start":{"line":55,"column":16},"end":{"line":55,"column":44}},{"start":{"line":55,"column":49},"end":{"line":57,"column":43}}]},"5":{"line":55,"type":"cond-expr","locations":[{"start":{"line":56,"column":14},"end":{"line":56,"column":53}},{"start":{"line":57,"column":14},"end":{"line":57,"column":43}}]},"6":{"line":61,"type":"switch","locations":[{"start":{"line":68,"column":4},"end":{"line":150,"column":14},"skip":true},{"start":{"line":156,"column":4},"end":{"line":324,"column":14},"skip":true}]},"7":{"line":70,"type":"if","locations":[{"start":{"line":70,"column":12},"end":{"line":70,"column":12},"skip":true},{"start":{"line":70,"column":12},"end":{"line":70,"column":12},"skip":true}]},"8":{"line":70,"type":"binary-expr","locations":[{"start":{"line":70,"column":16},"end":{"line":70,"column":22},"skip":true},{"start":{"line":70,"column":27},"end":{"line":70,"column":32},"skip":true},{"start":{"line":71,"column":20},"end":{"line":71,"column":39},"skip":true},{"start":{"line":72,"column":20},"end":{"line":72,"column":49},"skip":true},{"start":{"line":73,"column":20},"end":{"line":73,"column":58},"skip":true},{"start":{"line":74,"column":20},"end":{"line":74,"column":69},"skip":true}]},"9":{"line":79,"type":"switch","locations":[{"start":{"line":80,"column":20},"end":{"line":80,"column":33},"skip":true},{"start":{"line":81,"column":20},"end":{"line":83,"column":30},"skip":true},{"start":{"line":84,"column":20},"end":{"line":85,"column":49},"skip":true}]},"10":{"line":89,"type":"switch","locations":[{"start":{"line":90,"column":12},"end":{"line":103,"column":22},"skip":true},{"start":{"line":105,"column":12},"end":{"line":106,"column":22},"skip":true}]},"11":{"line":89,"type":"binary-expr","locations":[{"start":{"line":89,"column":20},"end":{"line":89,"column":25},"skip":true},{"start":{"line":89,"column":29},"end":{"line":89,"column":48},"skip":true},{"start":{"line":89,"column":52},"end":{"line":89,"column":74},"skip":true}]},"12":{"line":92,"type":"if","locations":[{"start":{"line":92,"column":16},"end":{"line":92,"column":16},"skip":true},{"start":{"line":92,"column":16},"end":{"line":92,"column":16},"skip":true}]},"13":{"line":108,"type":"if","locations":[{"start":{"line":108,"column":12},"end":{"line":108,"column":12},"skip":true},{"start":{"line":108,"column":12},"end":{"line":108,"column":12},"skip":true}]},"14":{"line":108,"type":"binary-expr","locations":[{"start":{"line":108,"column":16},"end":{"line":108,"column":61},"skip":true},{"start":{"line":108,"column":66},"end":{"line":108,"column":72},"skip":true},{"start":{"line":108,"column":77},"end":{"line":108,"column":82},"skip":true},{"start":{"line":109,"column":20},"end":{"line":109,"column":39},"skip":true},{"start":{"line":110,"column":20},"end":{"line":110,"column":49},"skip":true},{"start":{"line":111,"column":20},"end":{"line":111,"column":58},"skip":true},{"start":{"line":112,"column":20},"end":{"line":112,"column":68},"skip":true}]},"15":{"line":129,"type":"if","locations":[{"start":{"line":129,"column":16},"end":{"line":129,"column":16},"skip":true},{"start":{"line":129,"column":16},"end":{"line":129,"column":16},"skip":true}]},"16":{"line":134,"type":"cond-expr","locations":[{"start":{"line":135,"column":26},"end":{"line":135,"column":29},"skip":true},{"start":{"line":136,"column":26},"end":{"line":136,"column":54},"skip":true}]},"17":{"line":164,"type":"binary-expr","locations":[{"start":{"line":164,"column":27},"end":{"line":164,"column":43},"skip":true},{"start":{"line":164,"column":47},"end":{"line":164,"column":49},"skip":true}]},"18":{"line":258,"type":"if","locations":[{"start":{"line":258,"column":8},"end":{"line":258,"column":8},"skip":true},{"start":{"line":258,"column":8},"end":{"line":258,"column":8},"skip":true}]},"19":{"line":275,"type":"switch","locations":[{"start":{"line":276,"column":20},"end":{"line":277,"column":64},"skip":true},{"start":{"line":278,"column":20},"end":{"line":279,"column":40},"skip":true},{"start":{"line":280,"column":20},"end":{"line":281,"column":40},"skip":true},{"start":{"line":282,"column":20},"end":{"line":283,"column":39},"skip":true}]},"20":{"line":288,"type":"if","locations":[{"start":{"line":288,"column":8},"end":{"line":288,"column":8},"skip":true},{"start":{"line":288,"column":8},"end":{"line":288,"column":8},"skip":true}]},"21":{"line":288,"type":"binary-expr","locations":[{"start":{"line":288,"column":12},"end":{"line":288,"column":40},"skip":true},{"start":{"line":288,"column":44},"end":{"line":288,"column":67},"skip":true}]},"22":{"line":292,"type":"binary-expr","locations":[{"start":{"line":292,"column":12},"end":{"line":292,"column":50},"skip":true},{"start":{"line":293,"column":12},"end":{"line":293,"column":53},"skip":true}]},"23":{"line":297,"type":"binary-expr","locations":[{"start":{"line":297,"column":12},"end":{"line":297,"column":67},"skip":true},{"start":{"line":298,"column":12},"end":{"line":301,"column":36},"skip":true}]},"24":{"line":303,"type":"binary-expr","locations":[{"start":{"line":303,"column":43},"end":{"line":303,"column":75},"skip":true},{"start":{"line":303,"column":79},"end":{"line":303,"column":81},"skip":true}]},"25":{"line":306,"type":"if","locations":[{"start":{"line":306,"column":8},"end":{"line":306,"column":8},"skip":true},{"start":{"line":306,"column":8},"end":{"line":306,"column":8},"skip":true}]},"26":{"line":310,"type":"if","locations":[{"start":{"line":310,"column":8},"end":{"line":310,"column":8},"skip":true},{"start":{"line":310,"column":8},"end":{"line":310,"column":8},"skip":true}]},"27":{"line":313,"type":"binary-expr","locations":[{"start":{"line":313,"column":27},"end":{"line":313,"column":43},"skip":true},{"start":{"line":313,"column":47},"end":{"line":313,"column":53},"skip":true}]},"28":{"line":317,"type":"if","locations":[{"start":{"line":317,"column":12},"end":{"line":317,"column":12},"skip":true},{"start":{"line":317,"column":12},"end":{"line":317,"column":12},"skip":true}]}},"code":["/*","example.js","","quickstart example","","instruction","    1. save this script as example.js","    2. run the shell command:","        $ npm install npmtest-reveal-md && PORT=8081 node example.js","    3. play with the browser-demo on http://127.0.0.1:8081","*/","","","","/* istanbul instrument in package npmtest_reveal_md */","/*jslint","    bitwise: true,","    browser: true,","    maxerr: 8,","    maxlen: 96,","    node: true,","    nomen: true,","    regexp: true,","    stupid: true","*/","(function () {","    'use strict';","    var local;","","","","    // run shared js-env code - pre-init","    (function () {","        // init local","        local = {};","        // init modeJs","        local.modeJs = (function () {","            try {","                return typeof navigator.userAgent === 'string' &&","                    typeof document.querySelector('body') === 'object' &&","                    typeof XMLHttpRequest.prototype.open === 'function' &&","                    'browser';","            } catch (errorCaughtBrowser) {","                return module.exports &&","                    typeof process.versions.node === 'string' &&","                    typeof require('http').createServer === 'function' &&","                    'node';","            }","        }());","        // init global","        local.global = local.modeJs === 'browser'","            ? window","            : global;","        // init utility2_rollup","        local = local.global.utility2_rollup || (local.modeJs === 'browser'","            ? local.global.utility2_npmtest_reveal_md","            : global.utility2_moduleExports);","        // export local","        local.global.local = local;","    }());","    switch (local.modeJs) {","","","","    // post-init","    // run browser js-env code - post-init","    /* istanbul ignore next */","    case 'browser':","        local.testRunBrowser = function (event) {","            if (!event || (event &&","                    event.currentTarget &&","                    event.currentTarget.className &&","                    event.currentTarget.className.includes &&","                    event.currentTarget.className.includes('onreset'))) {","                // reset output","                Array.from(","                    document.querySelectorAll('body > .resettable')","                ).forEach(function (element) {","                    switch (element.tagName) {","                    case 'INPUT':","                    case 'TEXTAREA':","                        element.value = '';","                        break;","                    default:","                        element.textContent = '';","                    }","                });","            }","            switch (event && event.currentTarget && event.currentTarget.id) {","            case 'testRunButton1':","                // show tests","                if (document.querySelector('#testReportDiv1').style.display === 'none') {","                    document.querySelector('#testReportDiv1').style.display = 'block';","                    document.querySelector('#testRunButton1').textContent =","                        'hide internal test';","                    local.modeTest = true;","                    local.testRunDefault(local);","                // hide tests","                } else {","                    document.querySelector('#testReportDiv1').style.display = 'none';","                    document.querySelector('#testRunButton1').textContent = 'run internal test';","                }","                break;","            // custom-case","            default:","                break;","            }","            if (document.querySelector('#inputTextareaEval1') && (!event || (event &&","                    event.currentTarget &&","                    event.currentTarget.className &&","                    event.currentTarget.className.includes &&","                    event.currentTarget.className.includes('oneval')))) {","                // try to eval input-code","                try {","                    /*jslint evil: true*/","                    eval(document.querySelector('#inputTextareaEval1').value);","                } catch (errorCaught) {","                    console.error(errorCaught);","                }","            }","        };","        // log stderr and stdout to #outputTextareaStdout1","        ['error', 'log'].forEach(function (key) {","            console[key + '_original'] = console[key];","            console[key] = function () {","                var element;","                console[key + '_original'].apply(console, arguments);","                element = document.querySelector('#outputTextareaStdout1');","                if (!element) {","                    return;","                }","                // append text to #outputTextareaStdout1","                element.value += Array.from(arguments).map(function (arg) {","                    return typeof arg === 'string'","                        ? arg","                        : JSON.stringify(arg, null, 4);","                }).join(' ') + '\\n';","                // scroll textarea to bottom","                element.scrollTop = element.scrollHeight;","            };","        });","        // init event-handling","        ['change', 'click', 'keyup'].forEach(function (event) {","            Array.from(document.querySelectorAll('.on' + event)).forEach(function (element) {","                element.addEventListener(event, local.testRunBrowser);","            });","        });","        // run tests","        local.testRunBrowser();","        break;","","","","    // run node js-env code - post-init","    /* istanbul ignore next */","    case 'node':","        // export local","        module.exports = local;","        // require modules","        local.fs = require('fs');","        local.http = require('http');","        local.url = require('url');","        // init assets","        local.assetsDict = local.assetsDict || {};","        /* jslint-ignore-begin */","        local.assetsDict['/assets.index.template.html'] = '\\","<!doctype html>\\n\\","<html lang=\"en\">\\n\\","<head>\\n\\","<meta charset=\"UTF-8\">\\n\\","<meta name=\"viewport\" content=\"width=device-width, initial-scale=1\">\\n\\","<title>{{env.npm_package_name}} (v{{env.npm_package_version}})</title>\\n\\","<style>\\n\\","/*csslint\\n\\","    box-sizing: false,\\n\\","    universal-selector: false\\n\\","*/\\n\\","* {\\n\\","    box-sizing: border-box;\\n\\","}\\n\\","body {\\n\\","    background: #dde;\\n\\","    font-family: Arial, Helvetica, sans-serif;\\n\\","    margin: 2rem;\\n\\","}\\n\\","body > * {\\n\\","    margin-bottom: 1rem;\\n\\","}\\n\\",".utility2FooterDiv {\\n\\","    margin-top: 20px;\\n\\","    text-align: center;\\n\\","}\\n\\","</style>\\n\\","<style>\\n\\","/*csslint\\n\\","*/\\n\\","textarea {\\n\\","    font-family: monospace;\\n\\","    height: 10rem;\\n\\","    width: 100%;\\n\\","}\\n\\","textarea[readonly] {\\n\\","    background: #ddd;\\n\\","}\\n\\","</style>\\n\\","</head>\\n\\","<body>\\n\\","<!-- utility2-comment\\n\\","<div id=\"ajaxProgressDiv1\" style=\"background: #d00; height: 2px; left: 0; margin: 0; padding: 0; position: fixed; top: 0; transition: background 0.5s, width 1.5s; width: 25%;\"></div>\\n\\","utility2-comment -->\\n\\","<h1>\\n\\","<!-- utility2-comment\\n\\","    <a\\n\\","        {{#if env.npm_package_homepage}}\\n\\","        href=\"{{env.npm_package_homepage}}\"\\n\\","        {{/if env.npm_package_homepage}}\\n\\","        target=\"_blank\"\\n\\","    >\\n\\","utility2-comment -->\\n\\","        {{env.npm_package_name}} (v{{env.npm_package_version}})\\n\\","<!-- utility2-comment\\n\\","    </a>\\n\\","utility2-comment -->\\n\\","</h1>\\n\\","<h3>{{env.npm_package_description}}</h3>\\n\\","<!-- utility2-comment\\n\\","<h4><a download href=\"assets.app.js\">download standalone app</a></h4>\\n\\","<button class=\"onclick onreset\" id=\"testRunButton1\">run internal test</button><br>\\n\\","<div id=\"testReportDiv1\" style=\"display: none;\"></div>\\n\\","utility2-comment -->\\n\\","\\n\\","\\n\\","\\n\\","<label>stderr and stdout</label>\\n\\","<textarea class=\"resettable\" id=\"outputTextareaStdout1\" readonly></textarea>\\n\\","<!-- utility2-comment\\n\\","{{#if isRollup}}\\n\\","<script src=\"assets.app.js\"></script>\\n\\","{{#unless isRollup}}\\n\\","utility2-comment -->\\n\\","<script src=\"assets.utility2.rollup.js\"></script>\\n\\","<script src=\"jsonp.utility2._stateInit?callback=window.utility2._stateInit\"></script>\\n\\","<script src=\"assets.npmtest_reveal_md.rollup.js\"></script>\\n\\","<script src=\"assets.example.js\"></script>\\n\\","<script src=\"assets.test.js\"></script>\\n\\","<!-- utility2-comment\\n\\","{{/if isRollup}}\\n\\","utility2-comment -->\\n\\","<div class=\"utility2FooterDiv\">\\n\\","    [ this app was created with\\n\\","    <a href=\"https://github.com/kaizhu256/node-utility2\" target=\"_blank\">utility2</a>\\n\\","    ]\\n\\","</div>\\n\\","</body>\\n\\","</html>\\n\\","';","        /* jslint-ignore-end */","        if (local.templateRender) {","            local.assetsDict['/'] = local.templateRender(","                local.assetsDict['/assets.index.template.html'],","                {","                    env: local.objectSetDefault(local.env, {","                        npm_package_description: 'the greatest app in the world!',","                        npm_package_name: 'my-app',","                        npm_package_nameAlias: 'my_app',","                        npm_package_version: '0.0.1'","                    })","                }","            );","        } else {","            local.assetsDict['/'] = local.assetsDict['/assets.index.template.html']","                .replace((/\\{\\{env\\.(\\w+?)\\}\\}/g), function (match0, match1) {","                    // jslint-hack","                    String(match0);","                    switch (match1) {","                    case 'npm_package_description':","                        return 'the greatest app in the world!';","                    case 'npm_package_name':","                        return 'my-app';","                    case 'npm_package_nameAlias':","                        return 'my_app';","                    case 'npm_package_version':","                        return '0.0.1';","                    }","                });","        }","        // run the cli","        if (local.global.utility2_rollup || module !== require.main) {","            break;","        }","        local.assetsDict['/assets.example.js'] =","            local.assetsDict['/assets.example.js'] ||","            local.fs.readFileSync(__filename, 'utf8');","        // bug-workaround - long $npm_package_buildCustomOrg","        /* jslint-ignore-begin */","        local.assetsDict['/assets.npmtest_reveal_md.rollup.js'] =","            local.assetsDict['/assets.npmtest_reveal_md.rollup.js'] ||","            local.fs.readFileSync(","                local.npmtest_reveal_md.__dirname + '/lib.npmtest_reveal_md.js',","                'utf8'","            ).replace((/^#!/), '//');","        /* jslint-ignore-end */","        local.assetsDict['/favicon.ico'] = local.assetsDict['/favicon.ico'] || '';","        // if $npm_config_timeout_exit exists,","        // then exit this process after $npm_config_timeout_exit ms","        if (Number(process.env.npm_config_timeout_exit)) {","            setTimeout(process.exit, Number(process.env.npm_config_timeout_exit));","        }","        // start server","        if (local.global.utility2_serverHttp1) {","            break;","        }","        process.env.PORT = process.env.PORT || '8081';","        console.error('server starting on port ' + process.env.PORT);","        local.http.createServer(function (request, response) {","            request.urlParsed = local.url.parse(request.url);","            if (local.assetsDict[request.urlParsed.pathname] !== undefined) {","                response.end(local.assetsDict[request.urlParsed.pathname]);","                return;","            }","            response.statusCode = 404;","            response.end();","        }).listen(process.env.PORT);","        break;","    }","}());",""],"l":{"26":2,"28":2,"33":2,"35":2,"37":2,"38":2,"39":2,"44":1,"51":2,"55":2,"59":2,"61":2,"69":1,"70":2,"76":2,"79":2,"82":2,"83":2,"85":1,"89":2,"92":1,"93":1,"94":1,"96":1,"97":1,"100":1,"101":1,"103":1,"106":1,"108":2,"114":1,"116":1,"118":1,"123":1,"124":2,"125":2,"126":3,"127":3,"128":3,"129":3,"130":1,"133":3,"134":3,"139":3,"143":1,"144":3,"145":1,"149":1,"150":1,"158":1,"160":1,"161":1,"162":1,"164":1,"166":1,"258":1,"259":1,"271":1,"274":6,"275":6,"277":1,"279":2,"281":1,"283":2,"288":1,"289":1,"291":1,"296":1,"303":1,"306":1,"307":1,"310":1,"311":1,"313":1,"314":1,"315":1,"316":1,"317":1,"318":1,"319":1,"321":1,"322":1,"324":1}},"/home/travis/build/npmtest/node-npmtest-reveal-md/node_modules/reveal-md/bin/cli.js":{"path":"/home/travis/build/npmtest/node-npmtest-reveal-md/node_modules/reveal-md/bin/cli.js","s":{"1":1,"2":1,"3":1,"4":0,"5":1},"b":{"1":[0,1]},"f":{},"fnMap":{},"statementMap":{"1":{"start":{"line":3,"column":0},"end":{"line":6,"column":35}},"2":{"start":{"line":8,"column":0},"end":{"line":24,"column":23}},"3":{"start":{"line":26,"column":0},"end":{"line":28,"column":1}},"4":{"start":{"line":27,"column":2},"end":{"line":27,"column":17}},"5":{"start":{"line":30,"column":0},"end":{"line":30,"column":24}}},"branchMap":{"1":{"line":26,"type":"if","locations":[{"start":{"line":26,"column":0},"end":{"line":26,"column":0}},{"start":{"line":26,"column":0},"end":{"line":26,"column":0}}]}},"code":["//#!/usr/bin/env node","","const program = require('commander'),","  defaults = require('../lib/defaults'),","  revealMarkdown = require('./../lib'),","  pkg = require('../package.json');","","program","  .version(pkg.version)","  .usage('<slides.md> [options]')","  .option('-D, --disable-auto-open', 'Disable auto-opening your web browser', defaults.disableAutoOpen)","  .option('-H, --highlight-theme <theme>', 'Highlight theme [zenburn]', defaults.highlightTheme)","  .option('-h, --host <host>', 'Host [localhost]', defaults.host)","  .option('-i, --scripts <scripts>', 'Scripts to inject into the page', defaults.scripts)","  .option('-m, --preprocessor <script>', 'Markdown preprocessor script', defaults.preprocessor)","  .option('-p, --port <port>', 'Port [1948]', defaults.port)","  .option('-P, --print [filename]', 'Print', defaults.print)","  .option('-t, --theme <theme>', 'Theme [black]', defaults.theme)","  .option('-T, --title <title>', 'Title of the presentation', defaults.title)","  .option('-s, --separator <separator>', 'Slide separator', defaults.separator)","  .option('-S, --static [dir]', 'Export static html to directory [_static]. Incompatible with --print.', defaults.static)","  .option('-v, --vertical-separator <separator>', 'Vertical slide separator', defaults.verticalSeparator)","  .option('-w, --watch', 'Watch for changes in markdown file and livereload presentation [false]', defaults.watch)","  .parse(process.argv);","","if(program.args.length > 2) {","  program.help();","}","","revealMarkdown(program);",""],"l":{"3":1,"8":1,"26":1,"27":0,"30":1}},"/home/travis/build/npmtest/node-npmtest-reveal-md/node_modules/reveal-md/lib/index.js":{"path":"/home/travis/build/npmtest/node-npmtest-reveal-md/node_modules/reveal-md/lib/index.js","s":{"1":1,"2":1,"3":1,"4":1,"5":1,"6":1,"7":1,"8":1,"9":1,"10":1,"11":1,"12":1,"13":0,"14":1,"15":0,"16":1},"b":{"1":[0,1],"2":[0,1]},"f":{"1":1},"fnMap":{"1":{"name":"revealMarkdown","line":21,"loc":{"start":{"line":21,"column":17},"end":{"line":21,"column":47}}}},"statementMap":{"1":{"start":{"line":2,"column":0},"end":{"line":8,"column":43}},"2":{"start":{"line":10,"column":0},"end":{"line":10,"column":43}},"3":{"start":{"line":12,"column":0},"end":{"line":12,"column":23}},"4":{"start":{"line":13,"column":0},"end":{"line":17,"column":1}},"5":{"start":{"line":14,"column":2},"end":{"line":14,"column":67}},"6":{"start":{"line":16,"column":2},"end":{"line":16,"column":21}},"7":{"start":{"line":19,"column":0},"end":{"line":19,"column":41}},"8":{"start":{"line":21,"column":0},"end":{"line":36,"column":2}},"9":{"start":{"line":23,"column":2},"end":{"line":23,"column":37}},"10":{"start":{"line":25,"column":2},"end":{"line":25,"column":37}},"11":{"start":{"line":27,"column":2},"end":{"line":27,"column":38}},"12":{"start":{"line":29,"column":2},"end":{"line":35,"column":3}},"13":{"start":{"line":30,"column":4},"end":{"line":30,"column":32}},"14":{"start":{"line":31,"column":9},"end":{"line":35,"column":3}},"15":{"start":{"line":32,"column":4},"end":{"line":32,"column":19}},"16":{"start":{"line":34,"column":4},"end":{"line":34,"column":25}}},"branchMap":{"1":{"line":29,"type":"if","locations":[{"start":{"line":29,"column":2},"end":{"line":29,"column":2}},{"start":{"line":29,"column":2},"end":{"line":29,"column":2}}]},"2":{"line":31,"type":"if","locations":[{"start":{"line":31,"column":9},"end":{"line":31,"column":9}},{"start":{"line":31,"column":9},"end":{"line":31,"column":9}}]}},"code":["'use strict';","const path = require('path'),","  debug = require('debug')('reveal-md'),","  bluebird = require('bluebird'),","  parseOptions = require('./options').parseOptions,","  startServer = require('./serve'),","  print = require('./print'),","  renderStaticMarkup = require('./static');","","bluebird.promisifyAll(require('fs-extra'));","","let revealOptions = {};","try {","  revealOptions = require(path.join(process.cwd(), 'reveal.json'));","} catch(err) {","  debug(err.message);","}","","debug('revealOptions %O', revealOptions);","","module.exports = function revealMarkdown(args) {","","  args.revealOptions = revealOptions;","","  const options = parseOptions(args);","","  debug('Parsed options %O', options);","","  if(options.static) {","    renderStaticMarkup(options);","  } else if(options.print) {","    print(options);","  } else {","    startServer(options);","  }","};",""],"l":{"2":1,"10":1,"12":1,"13":1,"14":1,"16":1,"19":1,"21":1,"23":1,"25":1,"27":1,"29":1,"30":0,"31":1,"32":0,"34":1}},"/home/travis/build/npmtest/node-npmtest-reveal-md/node_modules/reveal-md/lib/options.js":{"path":"/home/travis/build/npmtest/node-npmtest-reveal-md/node_modules/reveal-md/lib/options.js","s":{"1":1,"2":1,"3":1,"4":1,"5":1,"6":1,"7":1,"8":1,"9":1,"10":1,"11":1,"12":0,"13":0,"14":0,"15":0,"16":0,"17":0,"18":0,"19":0,"20":0,"21":0,"22":0,"23":0,"24":0,"25":0,"26":0,"27":0,"28":0,"29":0,"30":1,"31":0,"32":0,"33":0,"34":0,"35":1,"36":1,"37":1,"38":0,"39":1,"40":2,"41":1,"42":1,"43":0,"44":1,"45":1,"46":0,"47":1,"48":1,"49":1,"50":1,"51":1,"52":1,"53":0,"54":1,"55":1,"56":1,"57":1,"58":1,"59":1,"60":1,"61":1,"62":1,"63":1,"64":1,"65":0,"66":1,"67":0,"68":1,"69":0,"70":1,"71":0,"72":1,"73":0,"74":1,"75":0,"76":1,"77":1},"b":{"1":[0,0],"2":[0,0],"3":[0,0],"4":[0,0],"5":[0,0],"6":[0,0],"7":[0,0],"8":[0,0],"9":[0,0],"10":[0,1],"11":[0,1],"12":[0,1],"13":[0,1],"14":[0,1],"15":[1,0],"16":[1,0],"17":[1,0],"18":[1,0],"19":[1,0],"20":[0,0],"21":[0,0,0],"22":[0,0]},"f":{"1":0,"2":0,"3":1,"4":1,"5":1,"6":1,"7":1},"fnMap":{"1":{"name":"parsePath","line":19,"loc":{"start":{"line":19,"column":0},"end":{"line":19,"column":37}}},"2":{"name":"getThemeUrl","line":46,"loc":{"start":{"line":46,"column":0},"end":{"line":46,"column":30}}},"3":{"name":"parseThemeArg","line":55,"loc":{"start":{"line":55,"column":0},"end":{"line":55,"column":30}}},"4":{"name":"parseScriptsArg","line":64,"loc":{"start":{"line":64,"column":0},"end":{"line":64,"column":34}}},"5":{"name":"parseScriptsPath","line":68,"loc":{"start":{"line":68,"column":0},"end":{"line":68,"column":35}}},"6":{"name":"parsePreprocessorArg","line":75,"loc":{"start":{"line":75,"column":0},"end":{"line":75,"column":44}}},"7":{"name":"parseOptions","line":96,"loc":{"start":{"line":96,"column":0},"end":{"line":96,"column":28}}}},"statementMap":{"1":{"start":{"line":1,"column":0},"end":{"line":6,"column":40}},"2":{"start":{"line":8,"column":0},"end":{"line":8,"column":78}},"3":{"start":{"line":9,"column":0},"end":{"line":9,"column":95}},"4":{"start":{"line":10,"column":0},"end":{"line":10,"column":69}},"5":{"start":{"line":11,"column":0},"end":{"line":11,"column":77}},"6":{"start":{"line":12,"column":0},"end":{"line":12,"column":58}},"7":{"start":{"line":13,"column":0},"end":{"line":13,"column":72}},"8":{"start":{"line":15,"column":0},"end":{"line":15,"column":73}},"9":{"start":{"line":16,"column":0},"end":{"line":16,"column":67}},"10":{"start":{"line":17,"column":0},"end":{"line":17,"column":57}},"11":{"start":{"line":19,"column":0},"end":{"line":44,"column":1}},"12":{"start":{"line":20,"column":2},"end":{"line":20,"column":18}},"13":{"start":{"line":21,"column":2},"end":{"line":42,"column":3}},"14":{"start":{"line":22,"column":4},"end":{"line":22,"column":55}},"15":{"start":{"line":23,"column":9},"end":{"line":42,"column":3}},"16":{"start":{"line":24,"column":4},"end":{"line":24,"column":66}},"17":{"start":{"line":25,"column":4},"end":{"line":41,"column":5}},"18":{"start":{"line":26,"column":6},"end":{"line":26,"column":41}},"19":{"start":{"line":27,"column":6},"end":{"line":33,"column":7}},"20":{"start":{"line":28,"column":8},"end":{"line":28,"column":47}},"21":{"start":{"line":29,"column":8},"end":{"line":29,"column":48}},"22":{"start":{"line":30,"column":8},"end":{"line":30,"column":67}},"23":{"start":{"line":31,"column":13},"end":{"line":33,"column":7}},"24":{"start":{"line":32,"column":8},"end":{"line":32,"column":32}},"25":{"start":{"line":35,"column":6},"end":{"line":35,"column":43}},"26":{"start":{"line":36,"column":6},"end":{"line":40,"column":7}},"27":{"start":{"line":37,"column":8},"end":{"line":37,"column":34}},"28":{"start":{"line":39,"column":8},"end":{"line":39,"column":38}},"29":{"start":{"line":43,"column":2},"end":{"line":43,"column":14}},"30":{"start":{"line":46,"column":0},"end":{"line":53,"column":1}},"31":{"start":{"line":47,"column":2},"end":{"line":47,"column":90}},"32":{"start":{"line":48,"column":2},"end":{"line":52,"column":3}},"33":{"start":{"line":49,"column":4},"end":{"line":49,"column":26}},"34":{"start":{"line":51,"column":4},"end":{"line":51,"column":52}},"35":{"start":{"line":55,"column":0},"end":{"line":62,"column":1}},"36":{"start":{"line":56,"column":2},"end":{"line":56,"column":37}},"37":{"start":{"line":57,"column":2},"end":{"line":61,"column":3}},"38":{"start":{"line":58,"column":4},"end":{"line":58,"column":17}},"39":{"start":{"line":60,"column":4},"end":{"line":60,"column":118}},"40":{"start":{"line":60,"column":45},"end":{"line":60,"column":116}},"41":{"start":{"line":64,"column":0},"end":{"line":66,"column":1}},"42":{"start":{"line":65,"column":2},"end":{"line":65,"column":109}},"43":{"start":{"line":65,"column":79},"end":{"line":65,"column":107}},"44":{"start":{"line":68,"column":0},"end":{"line":73,"column":1}},"45":{"start":{"line":69,"column":2},"end":{"line":72,"column":6}},"46":{"start":{"line":69,"column":80},"end":{"line":72,"column":3}},"47":{"start":{"line":75,"column":0},"end":{"line":77,"column":1}},"48":{"start":{"line":76,"column":2},"end":{"line":76,"column":85}},"49":{"start":{"line":79,"column":0},"end":{"line":94,"column":2}},"50":{"start":{"line":96,"column":0},"end":{"line":122,"column":1}},"51":{"start":{"line":98,"column":2},"end":{"line":98,"column":43}},"52":{"start":{"line":100,"column":2},"end":{"line":100,"column":71}},"53":{"start":{"line":100,"column":28},"end":{"line":100,"column":71}},"54":{"start":{"line":102,"column":2},"end":{"line":102,"column":66}},"55":{"start":{"line":103,"column":2},"end":{"line":103,"column":54}},"56":{"start":{"line":104,"column":2},"end":{"line":104,"column":57}},"57":{"start":{"line":105,"column":2},"end":{"line":105,"column":47}},"58":{"start":{"line":106,"column":2},"end":{"line":106,"column":59}},"59":{"start":{"line":107,"column":2},"end":{"line":107,"column":83}},"60":{"start":{"line":108,"column":2},"end":{"line":108,"column":74}},"61":{"start":{"line":109,"column":2},"end":{"line":109,"column":67}},"62":{"start":{"line":111,"column":2},"end":{"line":111,"column":42}},"63":{"start":{"line":112,"column":2},"end":{"line":112,"column":50}},"64":{"start":{"line":114,"column":2},"end":{"line":114,"column":115}},"65":{"start":{"line":114,"column":23},"end":{"line":114,"column":114}},"66":{"start":{"line":115,"column":2},"end":{"line":115,"column":36}},"67":{"start":{"line":115,"column":27},"end":{"line":115,"column":35}},"68":{"start":{"line":116,"column":2},"end":{"line":116,"column":50}},"69":{"start":{"line":116,"column":34},"end":{"line":116,"column":49}},"70":{"start":{"line":117,"column":2},"end":{"line":117,"column":48}},"71":{"start":{"line":117,"column":27},"end":{"line":117,"column":47}},"72":{"start":{"line":118,"column":2},"end":{"line":118,"column":100}},"73":{"start":{"line":118,"column":36},"end":{"line":118,"column":99}},"74":{"start":{"line":119,"column":2},"end":{"line":119,"column":99}},"75":{"start":{"line":119,"column":35},"end":{"line":119,"column":98}},"76":{"start":{"line":121,"column":2},"end":{"line":121,"column":17}},"77":{"start":{"line":124,"column":0},"end":{"line":127,"column":2}}},"branchMap":{"1":{"line":21,"type":"if","locations":[{"start":{"line":21,"column":2},"end":{"line":21,"column":2}},{"start":{"line":21,"column":2},"end":{"line":21,"column":2}}]},"2":{"line":23,"type":"if","locations":[{"start":{"line":23,"column":9},"end":{"line":23,"column":9}},{"start":{"line":23,"column":9},"end":{"line":23,"column":9}}]},"3":{"line":24,"type":"binary-expr","locations":[{"start":{"line":24,"column":31},"end":{"line":24,"column":38}},{"start":{"line":24,"column":42},"end":{"line":24,"column":55}}]},"4":{"line":25,"type":"if","locations":[{"start":{"line":25,"column":4},"end":{"line":25,"column":4}},{"start":{"line":25,"column":4},"end":{"line":25,"column":4}}]},"5":{"line":27,"type":"if","locations":[{"start":{"line":27,"column":6},"end":{"line":27,"column":6}},{"start":{"line":27,"column":6},"end":{"line":27,"column":6}}]},"6":{"line":31,"type":"if","locations":[{"start":{"line":31,"column":13},"end":{"line":31,"column":13}},{"start":{"line":31,"column":13},"end":{"line":31,"column":13}}]},"7":{"line":36,"type":"if","locations":[{"start":{"line":36,"column":6},"end":{"line":36,"column":6}},{"start":{"line":36,"column":6},"end":{"line":36,"column":6}}]},"8":{"line":47,"type":"binary-expr","locations":[{"start":{"line":47,"column":20},"end":{"line":47,"column":57}},{"start":{"line":47,"column":61},"end":{"line":47,"column":89}}]},"9":{"line":48,"type":"if","locations":[{"start":{"line":48,"column":2},"end":{"line":48,"column":2}},{"start":{"line":48,"column":2},"end":{"line":48,"column":2}}]},"10":{"line":57,"type":"if","locations":[{"start":{"line":57,"column":2},"end":{"line":57,"column":2}},{"start":{"line":57,"column":2},"end":{"line":57,"column":2}}]},"11":{"line":65,"type":"cond-expr","locations":[{"start":{"line":65,"column":40},"end":{"line":65,"column":58}},{"start":{"line":65,"column":61},"end":{"line":65,"column":63}}]},"12":{"line":69,"type":"cond-expr","locations":[{"start":{"line":69,"column":40},"end":{"line":69,"column":58}},{"start":{"line":69,"column":61},"end":{"line":69,"column":63}}]},"13":{"line":76,"type":"cond-expr","locations":[{"start":{"line":76,"column":24},"end":{"line":76,"column":71}},{"start":{"line":76,"column":74},"end":{"line":76,"column":84}}]},"14":{"line":100,"type":"if","locations":[{"start":{"line":100,"column":2},"end":{"line":100,"column":2}},{"start":{"line":100,"column":2},"end":{"line":100,"column":2}}]},"15":{"line":102,"type":"binary-expr","locations":[{"start":{"line":102,"column":36},"end":{"line":102,"column":46}},{"start":{"line":102,"column":50},"end":{"line":102,"column":64}}]},"16":{"line":105,"type":"binary-expr","locations":[{"start":{"line":105,"column":18},"end":{"line":105,"column":28}},{"start":{"line":105,"column":32},"end":{"line":105,"column":46}}]},"17":{"line":106,"type":"binary-expr","locations":[{"start":{"line":106,"column":22},"end":{"line":106,"column":36}},{"start":{"line":106,"column":40},"end":{"line":106,"column":58}}]},"18":{"line":107,"type":"binary-expr","locations":[{"start":{"line":107,"column":30},"end":{"line":107,"column":52}},{"start":{"line":107,"column":56},"end":{"line":107,"column":82}}]},"19":{"line":108,"type":"binary-expr","locations":[{"start":{"line":108,"column":27},"end":{"line":108,"column":46}},{"start":{"line":108,"column":50},"end":{"line":108,"column":73}}]},"20":{"line":114,"type":"cond-expr","locations":[{"start":{"line":114,"column":73},"end":{"line":114,"column":108}},{"start":{"line":114,"column":111},"end":{"line":114,"column":114}}]},"21":{"line":114,"type":"binary-expr","locations":[{"start":{"line":114,"column":23},"end":{"line":114,"column":35}},{"start":{"line":114,"column":39},"end":{"line":114,"column":51}},{"start":{"line":114,"column":55},"end":{"line":114,"column":70}}]},"22":{"line":119,"type":"binary-expr","locations":[{"start":{"line":119,"column":50},"end":{"line":119,"column":71}},{"start":{"line":119,"column":75},"end":{"line":119,"column":97}}]}},"code":["const fs = require('fs'),","  path = require('path'),","  glob = require('glob'),","  url = require('url'),","  _ = require('lodash'),","  defaults = require('./defaults.json');","","const revealBasePath = path.resolve(require.resolve('reveal.js'), '..', '..');","const highlightThemePath = path.resolve(require.resolve('highlight.js'), '..', '..', 'styles');","const templatePath = path.join(__dirname, 'template', 'reveal.html');","const templateListingPath = path.join(__dirname, 'template', 'listing.html');","const template = fs.readFileSync(templatePath).toString();","const templateListing = fs.readFileSync(templateListingPath).toString();","","const revealThemes = glob.sync('css/theme/*.css', {cwd: revealBasePath});","const localThemes = glob.sync('theme/*.css', {cwd: process.cwd()});","const availableThemes = revealThemes.concat(localThemes);","","function parsePath(pathArg, baseDir) {","  const opts = {};","  if(pathArg === 'demo') {","    opts.basePath = path.join(__dirname, '..', 'demo');","  } else if(pathArg) {","    const filePath = path.join(baseDir || process.cwd(), pathArg);","    if(fs.existsSync(filePath)) {","      const stat = fs.statSync(filePath);","      if(stat.isFile()) {","        opts.basePath = path.dirname(filePath);","        opts.baseName = path.basename(filePath);","        opts.relativePath = path.relative(process.cwd(), filePath);","      } else if(stat.isDirectory()) {","        opts.baseDir = filePath;","      }","    } else {","      const parsedUrl = url.parse(pathArg);","      if(parsedUrl.host) {","        opts.url = parsedUrl.href;","      } else {","        opts.basePath = process.cwd();","      }","    }","  }","  return opts;","}","","function getThemeUrl(options) {","  const parsedUrl = typeof options.themePath === 'string' && url.parse(options.themePath);","  if(parsedUrl.host) {","    return parsedUrl.href;","  } else {","    return `${options.base()}/${options.themePath}`;","  }","}","","function parseThemeArg(theme) {","  const parsedUrl = url.parse(theme);","  if(parsedUrl.host) {","    return theme;","  } else {","    return availableThemes.find(themePath => path.basename(themePath).replace(path.extname(themePath), '') === theme);","  }","}","","function parseScriptsArg(scripts) {","  return (typeof scripts === 'string' ? scripts.split(',') : []).map(script => path.join('scripts', script));","}","","function parseScriptsPath(scripts) {","  return (typeof scripts === 'string' ? scripts.split(',') : []).map(script => ({","    path: path.resolve(process.cwd(), script),","    name: script","  }));","}","","function parsePreprocessorArg(preprocessor) {","  return preprocessor ? require(path.join(process.cwd(), preprocessor)) : _.identity;","}","","const optionList = [","  'disableAutoOpen',","  'highlightTheme',","  'host',","  'port',","  'print',","  'preprocessor',","  'revealOptions',","  'scripts',","  'separator',","  'static',","  'theme',","  'title',","  'verticalSeparator',","  'watch'","];","","function parseOptions(args) {","","  const options = _.pick(args, optionList);","","  if(_.has(args, 'args.0')) _.extend(options, parsePath(args.args[0]));","","  options.themePath = parseThemeArg(args.theme || defaults.theme);","  options.scriptPaths = parseScriptsArg(args.scripts);","  options.scriptSources = parseScriptsPath(args.scripts);","  options.title = args.title || defaults.title;","  options.separator = args.separator || defaults.separator;","  options.verticalSeparator = args.verticalSeparator || defaults.verticalSeparator;","  options.highlightTheme = args.highlightTheme || defaults.highlightTheme;","  options.preprocessorFn = parsePreprocessorArg(args.preprocessor);","","  options.revealBasePath = revealBasePath;","  options.highlightThemePath = highlightThemePath;","","  options.base = () => options.host && options.port && !options.static ? `//${options.host}:${options.port}` : '.';","  options.template = () => template;","  options.templateListing = () => templateListing;","  options.themeUrl = () => getThemeUrl(options);","  options.highlightThemeUrl = () => `${options.base()}/css/highlight/${options.highlightTheme}.css`;","  options.revealOptionsStr = () => JSON.stringify(options.revealOptions || defaults.revealOptions);","","  return options;","}","","module.exports = {","  parsePath,","  parseOptions","};",""],"l":{"1":1,"8":1,"9":1,"10":1,"11":1,"12":1,"13":1,"15":1,"16":1,"17":1,"19":1,"20":0,"21":0,"22":0,"23":0,"24":0,"25":0,"26":0,"27":0,"28":0,"29":0,"30":0,"31":0,"32":0,"35":0,"36":0,"37":0,"39":0,"43":0,"46":1,"47":0,"48":0,"49":0,"51":0,"55":1,"56":1,"57":1,"58":0,"60":2,"64":1,"65":1,"68":1,"69":1,"75":1,"76":1,"79":1,"96":1,"98":1,"100":1,"102":1,"103":1,"104":1,"105":1,"106":1,"107":1,"108":1,"109":1,"111":1,"112":1,"114":1,"115":1,"116":1,"117":1,"118":1,"119":1,"121":1,"124":1}},"/home/travis/build/npmtest/node-npmtest-reveal-md/node_modules/reveal-md/lib/serve.js":{"path":"/home/travis/build/npmtest/node-npmtest-reveal-md/node_modules/reveal-md/lib/serve.js","s":{"1":1,"2":1,"3":1,"4":1,"5":0,"6":0,"7":0,"8":0,"9":1,"10":0,"11":1,"12":1,"13":1,"14":1,"15":4,"16":1,"17":1,"18":0,"19":0,"20":1,"21":1,"22":1,"23":1,"24":1,"25":1,"26":1,"27":1,"28":1,"29":1,"30":1,"31":1,"32":1,"33":0},"b":{"1":[0,1],"2":[1,1],"3":[0,1],"4":[1,0],"5":[1,0],"6":[0,1]},"f":{"1":0,"2":0,"3":1},"fnMap":{"1":{"name":"updatePathOptions","line":15,"loc":{"start":{"line":15,"column":0},"end":{"line":15,"column":43}}},"2":{"name":"getScript","line":22,"loc":{"start":{"line":22,"column":0},"end":{"line":22,"column":29}}},"3":{"name":"startServer","line":26,"loc":{"start":{"line":26,"column":17},"end":{"line":26,"column":51}}}},"statementMap":{"1":{"start":{"line":2,"column":0},"end":{"line":9,"column":45}},"2":{"start":{"line":11,"column":0},"end":{"line":11,"column":33}},"3":{"start":{"line":13,"column":0},"end":{"line":13,"column":19}},"4":{"start":{"line":15,"column":0},"end":{"line":20,"column":1}},"5":{"start":{"line":16,"column":2},"end":{"line":16,"column":62}},"6":{"start":{"line":17,"column":2},"end":{"line":17,"column":62}},"7":{"start":{"line":18,"column":2},"end":{"line":18,"column":47}},"8":{"start":{"line":19,"column":2},"end":{"line":19,"column":9}},"9":{"start":{"line":22,"column":0},"end":{"line":24,"column":1}},"10":{"start":{"line":23,"column":2},"end":{"line":23,"column":81}},"11":{"start":{"line":26,"column":0},"end":{"line":66,"column":2}},"12":{"start":{"line":28,"column":2},"end":{"line":28,"column":27}},"13":{"start":{"line":30,"column":2},"end":{"line":30,"column":24}},"14":{"start":{"line":32,"column":2},"end":{"line":34,"column":5}},"15":{"start":{"line":33,"column":4},"end":{"line":33,"column":74}},"16":{"start":{"line":36,"column":2},"end":{"line":36,"column":67}},"17":{"start":{"line":38,"column":2},"end":{"line":43,"column":3}},"18":{"start":{"line":39,"column":4},"end":{"line":41,"column":7}},"19":{"start":{"line":42,"column":4},"end":{"line":42,"column":42}},"20":{"start":{"line":45,"column":2},"end":{"line":45,"column":68}},"21":{"start":{"line":46,"column":2},"end":{"line":46,"column":74}},"22":{"start":{"line":47,"column":2},"end":{"line":47,"column":35}},"23":{"start":{"line":48,"column":2},"end":{"line":48,"column":42}},"24":{"start":{"line":50,"column":2},"end":{"line":50,"column":42}},"25":{"start":{"line":52,"column":2},"end":{"line":52,"column":56}},"26":{"start":{"line":53,"column":2},"end":{"line":53,"column":51}},"27":{"start":{"line":54,"column":2},"end":{"line":54,"column":49}},"28":{"start":{"line":56,"column":2},"end":{"line":62,"column":3}},"29":{"start":{"line":58,"column":4},"end":{"line":58,"column":52}},"30":{"start":{"line":59,"column":4},"end":{"line":61,"column":5}},"31":{"start":{"line":60,"column":6},"end":{"line":60,"column":16}},"32":{"start":{"line":64,"column":2},"end":{"line":64,"column":20}},"33":{"start":{"line":64,"column":9},"end":{"line":64,"column":20}}},"branchMap":{"1":{"line":38,"type":"if","locations":[{"start":{"line":38,"column":2},"end":{"line":38,"column":2}},{"start":{"line":38,"column":2},"end":{"line":38,"column":2}}]},"2":{"line":53,"type":"binary-expr","locations":[{"start":{"line":53,"column":15},"end":{"line":53,"column":35}},{"start":{"line":53,"column":39},"end":{"line":53,"column":50}}]},"3":{"line":54,"type":"cond-expr","locations":[{"start":{"line":54,"column":31},"end":{"line":54,"column":41}},{"start":{"line":54,"column":44},"end":{"line":54,"column":46}}]},"4":{"line":56,"type":"if","locations":[{"start":{"line":56,"column":2},"end":{"line":56,"column":2}},{"start":{"line":56,"column":2},"end":{"line":56,"column":2}}]},"5":{"line":59,"type":"if","locations":[{"start":{"line":59,"column":4},"end":{"line":59,"column":4}},{"start":{"line":59,"column":4},"end":{"line":59,"column":4}}]},"6":{"line":64,"type":"if","locations":[{"start":{"line":64,"column":2},"end":{"line":64,"column":2}},{"start":{"line":64,"column":2},"end":{"line":64,"column":2}}]}},"code":["'use strict';","const path = require('path'),","  debug = require('debug')('reveal-md'),","  express = require('express'),","  _ = require('lodash'),","  liveReload = require('livereload'),","  open = require('open'),","  render = require('./render'),","  parsePath = require('./options').parsePath;","","const staticDir = express.static;","","let initialOptions;","","function updatePathOptions(req, res, next) {","  const pathOpts = parsePath(req.url, initialOptions.baseDir);","  res.locals.options = _.extend({}, initialOptions, pathOpts);","  debug('Update path options to %O', pathOpts);","  next();","}","","function getScript(req, res) {","  res.sendFile(path.resolve(process.cwd(), req.url.replace(/^\\/scripts\\//, '')));","}","","module.exports = function startServer(options, cb) {","","  initialOptions = options;","","  const app = express();","","  ['css', 'js', 'plugin', 'lib'].forEach(dir => {","    app.use('/' + dir, staticDir(path.join(options.revealBasePath, dir)));","  });","","  app.use(`/css/highlight`, staticDir(options.highlightThemePath));","","  if(options.watch) {","    const liveReloadServer = liveReload.createServer({","      exts: ['md']","    });","    liveReloadServer.watch(process.cwd());","  }","","  app.get('/', updatePathOptions, render.renderMarkdownFileListing);","  app.get(/(\\w+\\.md)$/, updatePathOptions, render.renderMarkdownAsSlides);","  app.get('/scripts/*', getScript);","  app.get('/*', staticDir(process.cwd()));","","  const server = app.listen(options.port);","","  const host = `http://${options.host}:${options.port}`;","  const link = options.relativePath || options.url;","  const url = `${host}${link ? '/' + link : ''}`;","","  if(!options.print) {","    /* eslint-disable no-console */","    console.log(`Reveal-server started at ${host}`);","    if(!options.disableAutoOpen) {","      open(url);","    }","  }","","  if(cb) cb(server);","","};",""],"l":{"2":1,"11":1,"13":1,"15":1,"16":0,"17":0,"18":0,"19":0,"22":1,"23":0,"26":1,"28":1,"30":1,"32":1,"33":4,"36":1,"38":1,"39":0,"42":0,"45":1,"46":1,"47":1,"48":1,"50":1,"52":1,"53":1,"54":1,"56":1,"58":1,"59":1,"60":1,"64":1}},"/home/travis/build/npmtest/node-npmtest-reveal-md/node_modules/reveal-md/lib/render.js":{"path":"/home/travis/build/npmtest/node-npmtest-reveal-md/node_modules/reveal-md/lib/render.js","s":{"1":1,"2":1,"3":0,"4":0,"5":1,"6":0,"7":1,"8":0,"9":0,"10":0,"11":0,"12":0,"13":1,"14":0,"15":0,"16":0,"17":0,"18":1,"19":0,"20":0,"21":0,"22":0,"23":0,"24":0,"25":0,"26":1,"27":0,"28":0,"29":0,"30":0,"31":0,"32":1},"b":{"1":[0,0],"2":[0,0]},"f":{"1":0,"2":0,"3":0,"4":0,"5":0,"6":0},"fnMap":{"1":{"name":"parseYamlFrontMatter","line":11,"loc":{"start":{"line":11,"column":0},"end":{"line":11,"column":39}}},"2":{"name":"getSlidifyOptions","line":19,"loc":{"start":{"line":19,"column":0},"end":{"line":19,"column":36}}},"3":{"name":"parseSlides","line":28,"loc":{"start":{"line":28,"column":0},"end":{"line":28,"column":40}}},"4":{"name":"render","line":39,"loc":{"start":{"line":39,"column":0},"end":{"line":39,"column":35}}},"5":{"name":"renderMarkdownAsSlides","line":53,"loc":{"start":{"line":53,"column":0},"end":{"line":53,"column":42}}},"6":{"name":"renderMarkdownFileListing","line":64,"loc":{"start":{"line":64,"column":0},"end":{"line":64,"column":45}}}},"statementMap":{"1":{"start":{"line":1,"column":0},"end":{"line":9,"column":51}},"2":{"start":{"line":11,"column":0},"end":{"line":17,"column":1}},"3":{"start":{"line":12,"column":2},"end":{"line":12,"column":54}},"4":{"start":{"line":13,"column":2},"end":{"line":16,"column":4}},"5":{"start":{"line":19,"column":0},"end":{"line":26,"column":1}},"6":{"start":{"line":20,"column":2},"end":{"line":25,"column":5}},"7":{"start":{"line":28,"column":0},"end":{"line":37,"column":1}},"8":{"start":{"line":29,"column":2},"end":{"line":29,"column":46}},"9":{"start":{"line":30,"column":2},"end":{"line":30,"column":64}},"10":{"start":{"line":31,"column":2},"end":{"line":31,"column":49}},"11":{"start":{"line":32,"column":2},"end":{"line":32,"column":69}},"12":{"start":{"line":33,"column":2},"end":{"line":36,"column":4}},"13":{"start":{"line":39,"column":0},"end":{"line":51,"column":1}},"14":{"start":{"line":41,"column":2},"end":{"line":41,"column":48}},"15":{"start":{"line":43,"column":2},"end":{"line":46,"column":5}},"16":{"start":{"line":48,"column":2},"end":{"line":48,"column":77}},"17":{"start":{"line":50,"column":2},"end":{"line":50,"column":49}},"18":{"start":{"line":53,"column":0},"end":{"line":62,"column":1}},"19":{"start":{"line":55,"column":2},"end":{"line":55,"column":37}},"20":{"start":{"line":57,"column":2},"end":{"line":59,"column":83}},"21":{"start":{"line":58,"column":40},"end":{"line":58,"column":53}},"22":{"start":{"line":59,"column":62},"end":{"line":59,"column":81}},"23":{"start":{"line":61,"column":2},"end":{"line":61,"column":92}},"24":{"start":{"line":61,"column":32},"end":{"line":61,"column":57}},"25":{"start":{"line":61,"column":74},"end":{"line":61,"column":90}},"26":{"start":{"line":64,"column":0},"end":{"line":79,"column":1}},"27":{"start":{"line":66,"column":2},"end":{"line":66,"column":37}},"28":{"start":{"line":67,"column":2},"end":{"line":70,"column":62}},"29":{"start":{"line":70,"column":21},"end":{"line":70,"column":60}},"30":{"start":{"line":72,"column":2},"end":{"line":76,"column":5}},"31":{"start":{"line":78,"column":2},"end":{"line":78,"column":19}},"32":{"start":{"line":81,"column":0},"end":{"line":86,"column":2}}},"branchMap":{"1":{"line":15,"type":"binary-expr","locations":[{"start":{"line":15,"column":14},"end":{"line":15,"column":32}},{"start":{"line":15,"column":36},"end":{"line":15,"column":43}}]},"2":{"line":57,"type":"cond-expr","locations":[{"start":{"line":58,"column":6},"end":{"line":58,"column":54}},{"start":{"line":59,"column":6},"end":{"line":59,"column":82}}]}},"code":["const fs = require('fs-extra'),","  debug = require('debug')('reveal-md'),","  Mustache = require('mustache'),","  got = require('got'),","  glob = require('glob'),","  yamlFrontMatter = require('yaml-front-matter'),","  md = require('reveal.js/plugin/markdown/markdown'),","  _ = require('lodash'),","  parseOptions = require('./options').parseOptions;","","function parseYamlFrontMatter(content) {","  const document = yamlFrontMatter.loadFront(content);","  return {","    options: _.omit(document, '__content'),","    markdown: document.__content || content","  };","}","","function getSlidifyOptions(options) {","  return _.pick(options, [","    'attributes',","    'notesSeparator',","    'separator',","    'verticalSeparator'","  ]);","}","","function parseSlides(markdown, options) {","  const yaml = parseYamlFrontMatter(markdown);","  const view = parseOptions(_.merge({}, options, yaml.options));","  const slidifyOptions = getSlidifyOptions(view);","  const processedMarkdown = view.preprocessorFn(yaml.markdown, view);","  return {","    view,","    slides: md.slidify(processedMarkdown, slidifyOptions)","  };","}","","function render(markdown, options) {","","  const slides = parseSlides(markdown, options);","","  const view = _.extend(slides.view, {","    slides: slides.slides,","    scripts: slides.view.scripts","  });","","  debug(`Rendering ${options.relativePath} with %O from %O`, view, markdown);","","  return Mustache.to_html(view.template(), view);","}","","function renderMarkdownAsSlides(req, res) {","","  const options = res.locals.options;","","  const readMarkdown = options.url","    ? got(options.url).then(response => response.body)","    : fs.readFileAsync(options.relativePath).then(markdown => markdown.toString());","","  readMarkdown.then(markdown => render(markdown, options)).then(markup => res.send(markup));","}","","function renderMarkdownFileListing(req, res) {","","  const options = res.locals.options;","  const list = glob.sync('**/*.md', {","    cwd: options.baseDir,","    ignore: 'node_modules/**'","  }).map(filePath => `<a href=\"${filePath}\">${filePath}</a>`);","","  const markup = Mustache.to_html(options.templateListing(), {","    themeUrl: options.themeUrl,","    title: options.title,","    listing: list.join('<br>')","  });","","  res.send(markup);","}","","module.exports = {","  render,","  renderMarkdownAsSlides,","  renderMarkdownFileListing,","  parseSlides","};",""],"l":{"1":1,"11":1,"12":0,"13":0,"19":1,"20":0,"28":1,"29":0,"30":0,"31":0,"32":0,"33":0,"39":1,"41":0,"43":0,"48":0,"50":0,"53":1,"55":0,"57":0,"58":0,"59":0,"61":0,"64":1,"66":0,"67":0,"70":0,"72":0,"78":0,"81":1}},"/home/travis/build/npmtest/node-npmtest-reveal-md/node_modules/reveal-md/lib/print.js":{"path":"/home/travis/build/npmtest/node-npmtest-reveal-md/node_modules/reveal-md/lib/print.js","s":{"1":1,"2":1,"3":0,"4":0,"5":0,"6":0,"7":0,"8":0,"9":0,"10":0,"11":0,"12":0,"13":0,"14":0},"b":{"1":[0,0],"2":[0,0]},"f":{"1":0,"2":0,"3":0},"fnMap":{"1":{"name":"print","line":6,"loc":{"start":{"line":6,"column":17},"end":{"line":6,"column":41}}},"2":{"name":"(anonymous_2)","line":14,"loc":{"start":{"line":14,"column":20},"end":{"line":14,"column":37}}},"3":{"name":"(anonymous_3)","line":24,"loc":{"start":{"line":24,"column":77},"end":{"line":24,"column":107}}}},"statementMap":{"1":{"start":{"line":1,"column":0},"end":{"line":4,"column":39}},"2":{"start":{"line":6,"column":0},"end":{"line":33,"column":2}},"3":{"start":{"line":8,"column":2},"end":{"line":8,"column":99}},"4":{"start":{"line":10,"column":2},"end":{"line":12,"column":5}},"5":{"start":{"line":14,"column":2},"end":{"line":32,"column":5}},"6":{"start":{"line":18,"column":4},"end":{"line":18,"column":81}},"7":{"start":{"line":19,"column":4},"end":{"line":19,"column":125}},"8":{"start":{"line":21,"column":4},"end":{"line":21,"column":106}},"9":{"start":{"line":22,"column":4},"end":{"line":22,"column":77}},"10":{"start":{"line":24,"column":4},"end":{"line":31,"column":7}},"11":{"start":{"line":25,"column":6},"end":{"line":29,"column":7}},"12":{"start":{"line":26,"column":8},"end":{"line":26,"column":114}},"13":{"start":{"line":28,"column":8},"end":{"line":28,"column":28}},"14":{"start":{"line":30,"column":6},"end":{"line":30,"column":21}}},"branchMap":{"1":{"line":19,"type":"cond-expr","locations":[{"start":{"line":19,"column":49},"end":{"line":19,"column":86}},{"start":{"line":19,"column":89},"end":{"line":19,"column":124}}]},"2":{"line":25,"type":"if","locations":[{"start":{"line":25,"column":6},"end":{"line":25,"column":6}},{"start":{"line":25,"column":6},"end":{"line":25,"column":6}}]}},"code":["const path = require('path'),","  _ = require('lodash'),","  startServer = require('./serve'),","  exec = require('child_process').exec;","","module.exports = function print(options) {","","  const printPluginPath = path.join(options.revealBasePath, 'plugin', 'print-pdf', 'print-pdf.js');","","  const opts = _.extend({}, options, {","    disableAutoOpen: true","  });","","  startServer(opts, function(server) {","","    /* eslint-disable no-console */","","    const url = `http://${options.host}:${options.port}/${options.relativePath}`;","    const pdfFilename = options.print === true ? options.baseName.replace(/\\.md$/, '') : options.print.replace(/\\.pdf$/, '');","","    console.log(`Attempting to print \"${options.relativePath}\" to filename \"${pdfFilename}.pdf\" as PDF.`);","    console.log('Make sure to have PhantomJS installed (and in your path).');","","    exec(`phantomjs ${printPluginPath} ${url}?print-pdf ${pdfFilename}.pdf`, function(err, stdout, stderr) {","      if(err) {","        console.error(`[Error while generating PDF for \"${options.relativePath}\"]\\n${stderr}\\n${err.toString()}`);","      } else {","        console.log(stdout);","      }","      server.close();","    });","  });","};",""],"l":{"1":1,"6":1,"8":0,"10":0,"14":0,"18":0,"19":0,"21":0,"22":0,"24":0,"25":0,"26":0,"28":0,"30":0}},"/home/travis/build/npmtest/node-npmtest-reveal-md/node_modules/reveal-md/lib/static.js":{"path":"/home/travis/build/npmtest/node-npmtest-reveal-md/node_modules/reveal-md/lib/static.js","s":{"1":1,"2":1,"3":0,"4":0,"5":0,"6":0,"7":0,"8":0,"9":0,"10":0,"11":0,"12":0,"13":0,"14":0,"15":0,"16":0,"17":0,"18":0,"19":0,"20":0},"b":{"1":[0,0],"2":[0,0]},"f":{"1":0},"fnMap":{"1":{"name":"renderStaticMarkup","line":6,"loc":{"start":{"line":6,"column":17},"end":{"line":6,"column":54}}}},"statementMap":{"1":{"start":{"line":1,"column":0},"end":{"line":4,"column":24}},"2":{"start":{"line":6,"column":0},"end":{"line":33,"column":2}},"3":{"start":{"line":10,"column":2},"end":{"line":10,"column":74}},"4":{"start":{"line":11,"column":2},"end":{"line":11,"column":61}},"5":{"start":{"line":13,"column":2},"end":{"line":13,"column":141}},"6":{"start":{"line":13,"column":59},"end":{"line":13,"column":139}},"7":{"start":{"line":15,"column":2},"end":{"line":17,"column":89}},"8":{"start":{"line":16,"column":22},"end":{"line":16,"column":58}},"9":{"start":{"line":17,"column":22},"end":{"line":17,"column":87}},"10":{"start":{"line":19,"column":2},"end":{"line":19,"column":109}},"11":{"start":{"line":21,"column":2},"end":{"line":21,"column":27}},"12":{"start":{"line":22,"column":2},"end":{"line":22,"column":30}},"13":{"start":{"line":24,"column":2},"end":{"line":29,"column":3}},"14":{"start":{"line":25,"column":4},"end":{"line":25,"column":56}},"15":{"start":{"line":26,"column":4},"end":{"line":26,"column":33}},"16":{"start":{"line":27,"column":4},"end":{"line":27,"column":136}},"17":{"start":{"line":27,"column":65},"end":{"line":27,"column":134}},"18":{"start":{"line":28,"column":4},"end":{"line":28,"column":32}},"19":{"start":{"line":31,"column":2},"end":{"line":31,"column":105}},"20":{"start":{"line":31,"column":33},"end":{"line":31,"column":82}}},"branchMap":{"1":{"line":10,"type":"cond-expr","locations":[{"start":{"line":10,"column":47},"end":{"line":10,"column":56}},{"start":{"line":10,"column":59},"end":{"line":10,"column":73}}]},"2":{"line":24,"type":"if","locations":[{"start":{"line":24,"column":2},"end":{"line":24,"column":2}},{"start":{"line":24,"column":2},"end":{"line":24,"column":2}}]}},"code":["const fs = require('fs-extra'),","  path = require('path'),","  render = require('./render').render,","  _ = require('lodash');","","module.exports = function renderStaticMarkup(options) {","","  /* eslint-disable no-console */","","  const staticPath = options.static === true ? '_static' : options.static;","  const targetPath = path.resolve(process.cwd(), staticPath);","","  const awaits = ['css', 'js', 'plugin', 'lib'].map(dir => fs.copyAsync(path.join(options.revealBasePath, dir), path.join(targetPath, dir)));","","  const markupAwait = fs.readFileAsync(options.relativePath)","    .then(markdown => render(markdown.toString(), options))","    .then(markdown => fs.outputFileAsync(path.join(targetPath, 'index.html'), markdown));","","  const highlightAwait = fs.copyAsync(options.highlightThemePath, path.join(targetPath, 'css', 'highlight'));","","  awaits.push(markupAwait);","  awaits.push(highlightAwait);","","  if(!_.isEmpty(options.scripts)) {","    const scriptsDir = path.join(targetPath, 'scripts');","    fs.ensureDirSync(scriptsDir);","    const scriptAwaits = options.scriptSources.map(scriptFile => fs.copyAsync(scriptFile.path, path.join(scriptsDir, scriptFile.name)));","    awaits.concat(scriptAwaits);","  }","","  Promise.all(awaits).then(() => console.log(`Wrote static site to ${targetPath}`)).catch(console.error);","","};",""],"l":{"1":1,"6":1,"10":0,"11":0,"13":0,"15":0,"16":0,"17":0,"19":0,"21":0,"22":0,"24":0,"25":0,"26":0,"27":0,"28":0,"31":0}},"/home/travis/build/npmtest/node-npmtest-reveal-md/node_modules/reveal-md/myscript.js":{"path":"/home/travis/build/npmtest/node-npmtest-reveal-md/node_modules/reveal-md/myscript.js","s":{"1":1},"b":{},"f":{},"fnMap":{},"statementMap":{"1":{"start":{"line":1,"column":0},"end":{"line":1,"column":14}}},"branchMap":{},"code":["console.log(1)",""],"l":{"1":1}}}